2026-04-15 21:33:00.856: [INFO] VisibilityChanged: 0
2026-04-15 21:33:00.881: [INFO] RecordSyncInitDuration has_sync_been_enabled: 0 state: 0
2026-04-15 21:33:00.882: [INFO] RecordSyncInitDuration has_sync_been_enabled: 0 state: 0
2026-04-15 21:33:00.882: [INFO] RecordSyncInitDuration has_sync_been_enabled: 0 state: 0
2026-04-15 21:33:00.883: [INFO] RecordSyncInitDuration has_sync_been_enabled: 0 state: 0
2026-04-15 21:33:00.883: [INFO] RecordSyncInitDuration has_sync_been_enabled: 0 state: 0
2026-04-15 21:33:00.884: [INFO] RecordSyncInitDuration has_sync_been_enabled: 0 state: 0
2026-04-15 21:33:00.885: [INFO] RecordSyncInitDuration has_sync_been_enabled: 0 state: 0
2026-04-15 21:33:00.885: [INFO] RecordSyncInitDuration has_sync_been_enabled: 0 state: 0
2026-04-15 21:33:00.886: [INFO] RecordSyncInitDuration has_sync_been_enabled: 0 state: 0
2026-04-15 21:33:00.886: [INFO] RecordSyncInitDuration has_sync_been_enabled: 0 state: 0
2026-04-15 21:33:00.887: [INFO] RecordSyncInitDuration has_sync_been_enabled: 0 state: 0
2026-04-15 21:33:00.887: [INFO] RecordSyncInitDuration has_sync_been_enabled: 0 state: 0
2026-04-15 21:33:00.894: [INFO] BookmarkModelLoaded, ids_reassigned: 0
2026-04-15 21:33:00.894: [INFO] OnDoneLoading sync enabled: 0
2026-04-15 21:33:00.933: [INFO] RecordSyncInitDuration has_sync_been_enabled: 0 state: 0
2026-04-15 21:33:01.123: [INFO] RecordSyncInitDuration has_sync_been_enabled: 0 state: 0
2026-04-15 21:33:01.125: [INFO] RecordSyncInitDuration has_sync_been_enabled: 0 state: 0
2026-04-15 21:33:01.126: [INFO] Primary account changed.
2026-04-15 21:33:01.126: [INFO] OnPrimaryAccountChanged PrimaryAccountChangeEvent::Type::kSet
2026-04-15 21:33:01.129: [INFO] RecordSyncInitDuration has_sync_been_enabled: 0 state: 0
2026-04-15 21:33:01.129: [INFO] RecordSyncInitDuration has_sync_been_enabled: 0 state: 0
